# JRE version: OpenJDK Runtime Environment (21.0.3) (build 21.0.3+-12282718-b509.11)
# Java VM: OpenJDK 64-Bit Server VM (21.0.3+-12282718-b509.11, mixed mode, tiered, compressed oops, compressed class ptrs, g1 gc, windows-amd64)
GC Precious Log:
 CardTable entry size: 512
 Card Set container configuration: InlinePtr #cards 5 size 8 Array Of Cards #cards 12 size 40 Howl #buckets 4 coarsen threshold 1843 Howl Bitmap #cards 512 size 80 coarsen threshold 460 Card regions per heap region 1 cards per card region 2048
 CPUs: 12 total, 12 available
 Memory: 15724M
 Large Page Support: Disabled
 NUMA Support: Disabled
 Compressed Oops: Enabled (32-bit)
 Heap Region Size: 1M
 Heap Min Capacity: 8M
 Heap Initial Capacity: 246M
 Heap Max Capacity: 2G
 Pre-touch: Disabled
 Parallel Workers: 10
 Concurrent Workers: 3
 Concurrent Refinement Workers: 10
 Periodic GC: Disabled
Heap:
 garbage-first heap   total 254976K, used 122566K [0x0000000080000000, 0x0000000100000000)
  region size 1024K, 11 young (11264K), 11 survivors (11264K)
 Metaspace       used 114944K, committed 116992K, reserved 1179648K
  class space    used 15889K, committed 16896K, reserved 1048576K
GC Heap History (20 events):
Event: 7.357 GC heap after
{Heap after GC invocations=31 (full 0):
 garbage-first heap   total 161792K, used 93379K [0x0000000080000000, 0x0000000100000000)
  region size 1024K, 7 young (7168K), 7 survivors (7168K)
 Metaspace       used 101881K, committed 103936K, reserved 1179648K
  class space    used 14109K, committed 15104K, reserved 1048576K
}
Event: 7.690 GC heap before
{Heap before GC invocations=31 (full 0):
 garbage-first heap   total 161792K, used 144579K [0x0000000080000000, 0x0000000100000000)
  region size 1024K, 57 young (58368K), 7 survivors (7168K)
 Metaspace       used 106755K, committed 108736K, reserved 1179648K
  class space    used 14780K, committed 15744K, reserved 1048576K
}
Event: 7.695 GC heap after
{Heap after GC invocations=32 (full 0):
 garbage-first heap   total 161792K, used 94842K [0x0000000080000000, 0x0000000100000000)
  region size 1024K, 7 young (7168K), 7 survivors (7168K)
 Metaspace       used 106755K, committed 108736K, reserved 1179648K
  class space    used 14780K, committed 15744K, reserved 1048576K
}
Event: 8.023 GC heap before
{Heap before GC invocations=32 (full 0):
 garbage-first heap   total 161792K, used 142970K [0x0000000080000000, 0x0000000100000000)
  region size 1024K, 55 young (56320K), 7 survivors (7168K)
 Metaspace       used 110018K, committed 112128K, reserved 1179648K
  class space    used 15290K, committed 16320K, reserved 1048576K
}
Event: 8.028 GC heap after
{Heap after GC invocations=33 (full 0):
 garbage-first heap   total 161792K, used 98841K [0x0000000080000000, 0x0000000100000000)
  region size 1024K, 7 young (7168K), 7 survivors (7168K)
 Metaspace       used 110018K, committed 112128K, reserved 1179648K
  class space    used 15290K, committed 16320K, reserved 1048576K
}
Event: 8.355 GC heap before
{Heap before GC invocations=34 (full 0):
 garbage-first heap   total 173056K, used 144921K [0x0000000080000000, 0x0000000100000000)
  region size 1024K, 52 young (53248K), 7 survivors (7168K)
 Metaspace       used 110782K, committed 112896K, reserved 1179648K
  class space    used 15342K, committed 16384K, reserved 1048576K
}
Event: 8.362 GC heap after
{Heap after GC invocations=35 (full 0):
 garbage-first heap   total 173056K, used 107448K [0x0000000080000000, 0x0000000100000000)
  region size 1024K, 7 young (7168K), 7 survivors (7168K)
 Metaspace       used 110782K, committed 112896K, reserved 1179648K
  class space    used 15342K, committed 16384K, reserved 1048576K
}
Event: 8.430 GC heap before
{Heap before GC invocations=35 (full 0):
 garbage-first heap   total 173056K, used 155576K [0x0000000080000000, 0x0000000100000000)
  region size 1024K, 55 young (56320K), 7 survivors (7168K)
 Metaspace       used 110800K, committed 112896K, reserved 1179648K
  class space    used 15342K, committed 16384K, reserved 1048576K
}
Event: 8.436 GC heap after
{Heap after GC invocations=36 (full 0):
 garbage-first heap   total 207872K, used 108857K [0x0000000080000000, 0x0000000100000000)
  region size 1024K, 4 young (4096K), 4 survivors (4096K)
 Metaspace       used 110800K, committed 112896K, reserved 1179648K
  class space    used 15342K, committed 16384K, reserved 1048576K
}
Event: 8.553 GC heap before
{Heap before GC invocations=36 (full 0):
 garbage-first heap   total 207872K, used 185657K [0x0000000080000000, 0x0000000100000000)
  region size 1024K, 80 young (81920K), 4 survivors (4096K)
 Metaspace       used 110870K, committed 112960K, reserved 1179648K
  class space    used 15343K, committed 16384K, reserved 1048576K
}
Event: 8.557 GC heap after
{Heap after GC invocations=37 (full 0):
 garbage-first heap   total 207872K, used 110525K [0x0000000080000000, 0x0000000100000000)
  region size 1024K, 6 young (6144K), 6 survivors (6144K)
 Metaspace       used 110870K, committed 112960K, reserved 1179648K
  class space    used 15343K, committed 16384K, reserved 1048576K
}
Event: 8.768 GC heap before
{Heap before GC invocations=38 (full 0):
 garbage-first heap   total 207872K, used 187325K [0x0000000080000000, 0x0000000100000000)
  region size 1024K, 82 young (83968K), 6 survivors (6144K)
 Metaspace       used 111366K, committed 113472K, reserved 1179648K
  class space    used 15446K, committed 16448K, reserved 1048576K
}
Event: 8.773 GC heap after
{Heap after GC invocations=39 (full 0):
 garbage-first heap   total 207872K, used 113027K [0x0000000080000000, 0x0000000100000000)
  region size 1024K, 8 young (8192K), 8 survivors (8192K)
 Metaspace       used 111366K, committed 113472K, reserved 1179648K
  class space    used 15446K, committed 16448K, reserved 1048576K
}
Event: 8.882 GC heap before
{Heap before GC invocations=39 (full 0):
 garbage-first heap   total 207872K, used 187779K [0x0000000080000000, 0x0000000100000000)
  region size 1024K, 81 young (82944K), 8 survivors (8192K)
 Metaspace       used 111402K, committed 113536K, reserved 1179648K
  class space    used 15447K, committed 16512K, reserved 1048576K
}
Event: 8.889 GC heap after
{Heap after GC invocations=40 (full 0):
 garbage-first heap   total 207872K, used 113844K [0x0000000080000000, 0x0000000100000000)
  region size 1024K, 8 young (8192K), 8 survivors (8192K)
 Metaspace       used 111402K, committed 113536K, reserved 1179648K
  class space    used 15447K, committed 16512K, reserved 1048576K
}
Event: 9.001 GC heap before
{Heap before GC invocations=40 (full 0):
 garbage-first heap   total 207872K, used 186548K [0x0000000080000000, 0x0000000100000000)
  region size 1024K, 80 young (81920K), 8 survivors (8192K)
 Metaspace       used 111507K, committed 113600K, reserved 1179648K
  class space    used 15458K, committed 16512K, reserved 1048576K
}
Event: 9.006 GC heap after
{Heap after GC invocations=41 (full 0):
 garbage-first heap   total 207872K, used 115713K [0x0000000080000000, 0x0000000100000000)
  region size 1024K, 7 young (7168K), 7 survivors (7168K)
 Metaspace       used 111507K, committed 113600K, reserved 1179648K
  class space    used 15458K, committed 16512K, reserved 1048576K
}
Event: 9.192 GC heap before
{Heap before GC invocations=42 (full 0):
 garbage-first heap   total 217088K, used 186369K [0x0000000080000000, 0x0000000100000000)
  region size 1024K, 77 young (78848K), 7 survivors (7168K)
 Metaspace       used 111709K, committed 113792K, reserved 1179648K
  class space    used 15487K, committed 16512K, reserved 1048576K
}
Event: 9.198 GC heap after
{Heap after GC invocations=43 (full 0):
 garbage-first heap   total 217088K, used 118765K [0x0000000080000000, 0x0000000100000000)
  region size 1024K, 8 young (8192K), 8 survivors (8192K)
 Metaspace       used 111709K, committed 113792K, reserved 1179648K
  class space    used 15487K, committed 16512K, reserved 1048576K
}
Event: 9.659 GC heap before
{Heap before GC invocations=43 (full 0):
 garbage-first heap   total 217088K, used 194541K [0x0000000080000000, 0x0000000100000000)
  region size 1024K, 83 young (84992K), 8 survivors (8192K)
 Metaspace       used 114944K, committed 116992K, reserved 1179648K
  class space    used 15889K, committed 16896K, reserved 1048576K
}

