# JRE version: OpenJDK Runtime Environment (21.0.3) (build 21.0.3+-12282718-b509.11)
# Java VM: OpenJDK 64-Bit Server VM (21.0.3+-12282718-b509.11, mixed mode, tiered, compressed oops, compressed class ptrs, g1 gc, windows-amd64)
GC Precious Log:
 CardTable entry size: 512
 Card Set container configuration: InlinePtr #cards 5 size 8 Array Of Cards #cards 12 size 40 Howl #buckets 4 coarsen threshold 1843 Howl Bitmap #cards 512 size 80 coarsen threshold 460 Card regions per heap region 1 cards per card region 2048
 CPUs: 12 total, 12 available
 Memory: 15724M
 Large Page Support: Disabled
 NUMA Support: Disabled
 Compressed Oops: Enabled (32-bit)
 Heap Region Size: 1M
 Heap Min Capacity: 8M
 Heap Initial Capacity: 246M
 Heap Max Capacity: 2G
 Pre-touch: Disabled
 Parallel Workers: 10
 Concurrent Workers: 3
 Concurrent Refinement Workers: 10
 Periodic GC: Disabled
Heap:
 garbage-first heap   total 155648K, used 98701K [0x0000000080000000, 0x0000000100000000)
  region size 1024K, 16 young (16384K), 6 survivors (6144K)
 Metaspace       used 99731K, committed 101696K, reserved 1179648K
  class space    used 13812K, committed 14784K, reserved 1048576K
GC Heap History (20 events):
Event: 5.047 GC heap before
{Heap before GC invocations=20 (full 0):
 garbage-first heap   total 106496K, used 103688K [0x0000000080000000, 0x0000000100000000)
  region size 1024K, 47 young (48128K), 4 survivors (4096K)
 Metaspace       used 67101K, committed 68736K, reserved 1114112K
  class space    used 9249K, committed 10048K, reserved 1048576K
}
Event: 5.052 GC heap after
{Heap after GC invocations=21 (full 0):
 garbage-first heap   total 117760K, used 66314K [0x0000000080000000, 0x0000000100000000)
  region size 1024K, 6 young (6144K), 6 survivors (6144K)
 Metaspace       used 67101K, committed 68736K, reserved 1114112K
  class space    used 9249K, committed 10048K, reserved 1048576K
}
Event: 5.076 GC heap before
{Heap before GC invocations=21 (full 0):
 garbage-first heap   total 117760K, used 71434K [0x0000000080000000, 0x0000000100000000)
  region size 1024K, 13 young (13312K), 6 survivors (6144K)
 Metaspace       used 67536K, committed 69184K, reserved 1114112K
  class space    used 9295K, committed 10112K, reserved 1048576K
}
Event: 5.078 GC heap after
{Heap after GC invocations=22 (full 0):
 garbage-first heap   total 147456K, used 67629K [0x0000000080000000, 0x0000000100000000)
  region size 1024K, 2 young (2048K), 2 survivors (2048K)
 Metaspace       used 67536K, committed 69184K, reserved 1114112K
  class space    used 9295K, committed 10112K, reserved 1048576K
}
Event: 5.519 GC heap before
{Heap before GC invocations=23 (full 0):
 garbage-first heap   total 147456K, used 130093K [0x0000000080000000, 0x0000000100000000)
  region size 1024K, 63 young (64512K), 2 survivors (2048K)
 Metaspace       used 73633K, committed 75392K, reserved 1114112K
  class space    used 10050K, committed 10944K, reserved 1048576K
}
Event: 5.521 GC heap after
{Heap after GC invocations=24 (full 0):
 garbage-first heap   total 147456K, used 70136K [0x0000000080000000, 0x0000000100000000)
  region size 1024K, 3 young (3072K), 3 survivors (3072K)
 Metaspace       used 73633K, committed 75392K, reserved 1114112K
  class space    used 10050K, committed 10944K, reserved 1048576K
}
Event: 5.944 GC heap before
{Heap before GC invocations=24 (full 0):
 garbage-first heap   total 147456K, used 137720K [0x0000000080000000, 0x0000000100000000)
  region size 1024K, 64 young (65536K), 3 survivors (3072K)
 Metaspace       used 78960K, committed 80768K, reserved 1179648K
  class space    used 10784K, committed 11648K, reserved 1048576K
}
Event: 5.948 GC heap after
{Heap after GC invocations=25 (full 0):
 garbage-first heap   total 148480K, used 76304K [0x0000000080000000, 0x0000000100000000)
  region size 1024K, 8 young (8192K), 8 survivors (8192K)
 Metaspace       used 78960K, committed 80768K, reserved 1179648K
  class space    used 10784K, committed 11648K, reserved 1048576K
}
Event: 6.333 GC heap before
{Heap before GC invocations=25 (full 0):
 garbage-first heap   total 148480K, used 131600K [0x0000000080000000, 0x0000000100000000)
  region size 1024K, 62 young (63488K), 8 survivors (8192K)
 Metaspace       used 84614K, committed 86464K, reserved 1179648K
  class space    used 11511K, committed 12416K, reserved 1048576K
}
Event: 6.337 GC heap after
{Heap after GC invocations=26 (full 0):
 garbage-first heap   total 148480K, used 79380K [0x0000000080000000, 0x0000000100000000)
  region size 1024K, 3 young (3072K), 3 survivors (3072K)
 Metaspace       used 84614K, committed 86464K, reserved 1179648K
  class space    used 11511K, committed 12416K, reserved 1048576K
}
Event: 6.677 GC heap before
{Heap before GC invocations=27 (full 0):
 garbage-first heap   total 148480K, used 134676K [0x0000000080000000, 0x0000000100000000)
  region size 1024K, 57 young (58368K), 3 survivors (3072K)
 Metaspace       used 88346K, committed 90240K, reserved 1179648K
  class space    used 12046K, committed 12992K, reserved 1048576K
}
Event: 6.680 GC heap after
{Heap after GC invocations=28 (full 0):
 garbage-first heap   total 148480K, used 82530K [0x0000000080000000, 0x0000000100000000)
  region size 1024K, 6 young (6144K), 6 survivors (6144K)
 Metaspace       used 88346K, committed 90240K, reserved 1179648K
  class space    used 12046K, committed 12992K, reserved 1048576K
}
Event: 6.891 GC heap before
{Heap before GC invocations=28 (full 0):
 garbage-first heap   total 148480K, used 133730K [0x0000000080000000, 0x0000000100000000)
  region size 1024K, 56 young (57344K), 6 survivors (6144K)
 Metaspace       used 89795K, committed 91648K, reserved 1179648K
  class space    used 12227K, committed 13120K, reserved 1048576K
}
Event: 6.896 GC heap after
{Heap after GC invocations=29 (full 0):
 garbage-first heap   total 148480K, used 85603K [0x0000000080000000, 0x0000000100000000)
  region size 1024K, 7 young (7168K), 7 survivors (7168K)
 Metaspace       used 89795K, committed 91648K, reserved 1179648K
  class space    used 12227K, committed 13120K, reserved 1048576K
}
Event: 7.055 GC heap before
{Heap before GC invocations=29 (full 0):
 garbage-first heap   total 148480K, used 108131K [0x0000000080000000, 0x0000000100000000)
  region size 1024K, 30 young (30720K), 7 survivors (7168K)
 Metaspace       used 91477K, committed 93376K, reserved 1179648K
  class space    used 12481K, committed 13440K, reserved 1048576K
}
Event: 7.059 GC heap after
{Heap after GC invocations=30 (full 0):
 garbage-first heap   total 148480K, used 87540K [0x0000000080000000, 0x0000000100000000)
  region size 1024K, 2 young (2048K), 2 survivors (2048K)
 Metaspace       used 91477K, committed 93376K, reserved 1179648K
  class space    used 12481K, committed 13440K, reserved 1048576K
}
Event: 7.386 GC heap before
{Heap before GC invocations=31 (full 0):
 garbage-first heap   total 155648K, used 137716K [0x0000000080000000, 0x0000000100000000)
  region size 1024K, 50 young (51200K), 2 survivors (2048K)
 Metaspace       used 95125K, committed 97088K, reserved 1179648K
  class space    used 13177K, committed 14144K, reserved 1048576K
}
Event: 7.388 GC heap after
{Heap after GC invocations=32 (full 0):
 garbage-first heap   total 155648K, used 88440K [0x0000000080000000, 0x0000000100000000)
  region size 1024K, 3 young (3072K), 3 survivors (3072K)
 Metaspace       used 95125K, committed 97088K, reserved 1179648K
  class space    used 13177K, committed 14144K, reserved 1048576K
}
Event: 7.720 GC heap before
{Heap before GC invocations=32 (full 0):
 garbage-first heap   total 155648K, used 142712K [0x0000000080000000, 0x0000000100000000)
  region size 1024K, 56 young (57344K), 3 survivors (3072K)
 Metaspace       used 98892K, committed 100864K, reserved 1179648K
  class space    used 13727K, committed 14720K, reserved 1048576K
}
Event: 7.724 GC heap after
{Heap after GC invocations=33 (full 0):
 garbage-first heap   total 155648K, used 89485K [0x0000000080000000, 0x0000000100000000)
  region size 1024K, 6 young (6144K), 6 survivors (6144K)
 Metaspace       used 98892K, committed 100864K, reserved 1179648K
  class space    used 13727K, committed 14720K, reserved 1048576K
}

