# JRE version: OpenJDK Runtime Environment (21.0.3) (build 21.0.3+-12282718-b509.11)
# Java VM: OpenJDK 64-Bit Server VM (21.0.3+-12282718-b509.11, mixed mode, tiered, compressed oops, compressed class ptrs, g1 gc, windows-amd64)
GC Precious Log:
 CardTable entry size: 512
 Card Set container configuration: InlinePtr #cards 5 size 8 Array Of Cards #cards 12 size 40 Howl #buckets 4 coarsen threshold 1843 Howl Bitmap #cards 512 size 80 coarsen threshold 460 Card regions per heap region 1 cards per card region 2048
 CPUs: 12 total, 12 available
 Memory: 15724M
 Large Page Support: Disabled
 NUMA Support: Disabled
 Compressed Oops: Enabled (32-bit)
 Heap Region Size: 1M
 Heap Min Capacity: 8M
 Heap Initial Capacity: 246M
 Heap Max Capacity: 2G
 Pre-touch: Disabled
 Parallel Workers: 10
 Concurrent Workers: 3
 Concurrent Refinement Workers: 10
 Periodic GC: Disabled
Heap:
 garbage-first heap   total 346112K, used 311507K [0x0000000080000000, 0x0000000100000000)
  region size 1024K, 73 young (74752K), 10 survivors (10240K)
 Metaspace       used 116117K, committed 118272K, reserved 1179648K
  class space    used 15963K, committed 17024K, reserved 1048576K
GC Heap History (20 events):
Event: 8.827 GC heap before
{Heap before GC invocations=32 (full 0):
 garbage-first heap   total 158720K, used 141518K [0x0000000080000000, 0x0000000100000000)
  region size 1024K, 52 young (53248K), 7 survivors (7168K)
 Metaspace       used 110422K, committed 112576K, reserved 1179648K
  class space    used 15343K, committed 16448K, reserved 1048576K
}
Event: 8.833 GC heap after
{Heap after GC invocations=33 (full 0):
 garbage-first heap   total 158720K, used 100113K [0x0000000080000000, 0x0000000100000000)
  region size 1024K, 7 young (7168K), 7 survivors (7168K)
 Metaspace       used 110422K, committed 112576K, reserved 1179648K
  class space    used 15343K, committed 16448K, reserved 1048576K
}
Event: 9.111 GC heap before
{Heap before GC invocations=34 (full 0):
 garbage-first heap   total 174080K, used 142097K [0x0000000080000000, 0x0000000100000000)
  region size 1024K, 48 young (49152K), 7 survivors (7168K)
 Metaspace       used 110832K, committed 113024K, reserved 1179648K
  class space    used 15357K, committed 16448K, reserved 1048576K
}
Event: 9.118 GC heap after
{Heap after GC invocations=35 (full 0):
 garbage-first heap   total 208896K, used 109063K [0x0000000080000000, 0x0000000100000000)
  region size 1024K, 6 young (6144K), 6 survivors (6144K)
 Metaspace       used 110832K, committed 113024K, reserved 1179648K
  class space    used 15357K, committed 16448K, reserved 1048576K
}
Event: 9.247 GC heap before
{Heap before GC invocations=35 (full 0):
 garbage-first heap   total 208896K, used 180743K [0x0000000080000000, 0x0000000100000000)
  region size 1024K, 77 young (78848K), 6 survivors (6144K)
 Metaspace       used 110855K, committed 113024K, reserved 1179648K
  class space    used 15357K, committed 16448K, reserved 1048576K
}
Event: 9.252 GC heap after
{Heap after GC invocations=36 (full 0):
 garbage-first heap   total 208896K, used 111407K [0x0000000080000000, 0x0000000100000000)
  region size 1024K, 5 young (5120K), 5 survivors (5120K)
 Metaspace       used 110855K, committed 113024K, reserved 1179648K
  class space    used 15357K, committed 16448K, reserved 1048576K
}
Event: 9.424 GC heap before
{Heap before GC invocations=36 (full 0):
 garbage-first heap   total 208896K, used 184111K [0x0000000080000000, 0x0000000100000000)
  region size 1024K, 77 young (78848K), 5 survivors (5120K)
 Metaspace       used 111261K, committed 113408K, reserved 1179648K
  class space    used 15436K, committed 16512K, reserved 1048576K
}
Event: 9.428 GC heap after
{Heap after GC invocations=37 (full 0):
 garbage-first heap   total 208896K, used 113585K [0x0000000080000000, 0x0000000100000000)
  region size 1024K, 7 young (7168K), 7 survivors (7168K)
 Metaspace       used 111261K, committed 113408K, reserved 1179648K
  class space    used 15436K, committed 16512K, reserved 1048576K
}
Event: 9.593 GC heap before
{Heap before GC invocations=38 (full 0):
 garbage-first heap   total 217088K, used 186289K [0x0000000080000000, 0x0000000100000000)
  region size 1024K, 79 young (80896K), 7 survivors (7168K)
 Metaspace       used 111426K, committed 113536K, reserved 1179648K
  class space    used 15460K, committed 16512K, reserved 1048576K
}
Event: 9.598 GC heap after
{Heap after GC invocations=39 (full 0):
 garbage-first heap   total 217088K, used 115224K [0x0000000080000000, 0x0000000100000000)
  region size 1024K, 7 young (7168K), 7 survivors (7168K)
 Metaspace       used 111426K, committed 113536K, reserved 1179648K
  class space    used 15460K, committed 16512K, reserved 1048576K
}
Event: 9.738 GC heap before
{Heap before GC invocations=39 (full 0):
 garbage-first heap   total 217088K, used 196120K [0x0000000080000000, 0x0000000100000000)
  region size 1024K, 87 young (89088K), 7 survivors (7168K)
 Metaspace       used 111450K, committed 113600K, reserved 1179648K
  class space    used 15461K, committed 16512K, reserved 1048576K
}
Event: 9.744 GC heap after
{Heap after GC invocations=40 (full 0):
 garbage-first heap   total 217088K, used 115285K [0x0000000080000000, 0x0000000100000000)
  region size 1024K, 7 young (7168K), 7 survivors (7168K)
 Metaspace       used 111450K, committed 113600K, reserved 1179648K
  class space    used 15461K, committed 16512K, reserved 1048576K
}
Event: 9.899 GC heap before
{Heap before GC invocations=40 (full 0):
 garbage-first heap   total 217088K, used 196181K [0x0000000080000000, 0x0000000100000000)
  region size 1024K, 87 young (89088K), 7 survivors (7168K)
 Metaspace       used 111609K, committed 113728K, reserved 1179648K
  class space    used 15479K, committed 16512K, reserved 1048576K
}
Event: 9.904 GC heap after
{Heap after GC invocations=41 (full 0):
 garbage-first heap   total 280576K, used 117785K [0x0000000080000000, 0x0000000100000000)
  region size 1024K, 8 young (8192K), 8 survivors (8192K)
 Metaspace       used 111609K, committed 113728K, reserved 1179648K
  class space    used 15479K, committed 16512K, reserved 1048576K
}
Event: 10.373 GC heap before
{Heap before GC invocations=42 (full 0):
 garbage-first heap   total 280576K, used 255001K [0x0000000080000000, 0x0000000100000000)
  region size 1024K, 143 young (146432K), 8 survivors (8192K)
 Metaspace       used 112010K, committed 114176K, reserved 1179648K
  class space    used 15523K, committed 16576K, reserved 1048576K
}
Event: 10.378 GC heap after
{Heap after GC invocations=43 (full 0):
 garbage-first heap   total 280576K, used 122291K [0x0000000080000000, 0x0000000100000000)
  region size 1024K, 12 young (12288K), 12 survivors (12288K)
 Metaspace       used 112010K, committed 114176K, reserved 1179648K
  class space    used 15523K, committed 16576K, reserved 1048576K
}
Event: 10.565 GC heap before
{Heap before GC invocations=43 (full 0):
 garbage-first heap   total 280576K, used 251315K [0x0000000080000000, 0x0000000100000000)
  region size 1024K, 139 young (142336K), 12 survivors (12288K)
 Metaspace       used 112066K, committed 114176K, reserved 1179648K
  class space    used 15526K, committed 16576K, reserved 1048576K
}
Event: 10.573 GC heap after
{Heap after GC invocations=44 (full 0):
 garbage-first heap   total 280576K, used 124790K [0x0000000080000000, 0x0000000100000000)
  region size 1024K, 14 young (14336K), 14 survivors (14336K)
 Metaspace       used 112066K, committed 114176K, reserved 1179648K
  class space    used 15526K, committed 16576K, reserved 1048576K
}
Event: 10.747 GC heap before
{Heap before GC invocations=44 (full 0):
 garbage-first heap   total 280576K, used 248694K [0x0000000080000000, 0x0000000100000000)
  region size 1024K, 136 young (139264K), 14 survivors (14336K)
 Metaspace       used 112115K, committed 114240K, reserved 1179648K
  class space    used 15529K, committed 16576K, reserved 1048576K
}
Event: 10.755 GC heap after
{Heap after GC invocations=45 (full 0):
 garbage-first heap   total 280576K, used 127747K [0x0000000080000000, 0x0000000100000000)
  region size 1024K, 10 young (10240K), 10 survivors (10240K)
 Metaspace       used 112115K, committed 114240K, reserved 1179648K
  class space    used 15529K, committed 16576K, reserved 1048576K
}

