# JRE version: OpenJDK Runtime Environment (21.0.3) (build 21.0.3+-12282718-b509.11)
# Java VM: OpenJDK 64-Bit Server VM (21.0.3+-12282718-b509.11, mixed mode, tiered, compressed oops, compressed class ptrs, g1 gc, windows-amd64)
GC Precious Log:
 CardTable entry size: 512
 Card Set container configuration: InlinePtr #cards 4 size 8 Array Of Cards #cards 16 size 48 Howl #buckets 8 coarsen threshold 3686 Howl Bitmap #cards 512 size 80 coarsen threshold 460 Card regions per heap region 1 cards per card region 4096
 CPUs: 12 total, 12 available
 Memory: 15724M
 Large Page Support: Disabled
 NUMA Support: Disabled
 Compressed Oops: Enabled (Zero based)
 Heap Region Size: 2M
 Heap Min Capacity: 8M
 Heap Initial Capacity: 246M
 Heap Max Capacity: 3932M
 Pre-touch: Disabled
 Parallel Workers: 10
 Concurrent Workers: 3
 Concurrent Refinement Workers: 10
 Periodic GC: Disabled
Heap:
 garbage-first heap   total 139264K, used 61835K [0x000000070a400000, 0x0000000800000000)
  region size 2048K, 3 young (6144K), 3 survivors (6144K)
 Metaspace       used 52415K, committed 53184K, reserved 1114112K
  class space    used 6208K, committed 6528K, reserved 1048576K
GC Heap History (20 events):
Event: 0.572 GC heap after
{Heap after GC invocations=2 (full 0):
 garbage-first heap   total 251904K, used 9434K [0x000000070a400000, 0x0000000800000000)
  region size 2048K, 3 young (6144K), 3 survivors (6144K)
 Metaspace       used 21300K, committed 21504K, reserved 1114112K
  class space    used 2265K, committed 2368K, reserved 1048576K
}
Event: 0.930 GC heap before
{Heap before GC invocations=3 (full 0):
 garbage-first heap   total 40960K, used 38106K [0x000000070a400000, 0x0000000800000000)
  region size 2048K, 18 young (36864K), 3 survivors (6144K)
 Metaspace       used 29097K, committed 29440K, reserved 1114112K
  class space    used 3486K, committed 3648K, reserved 1048576K
}
Event: 0.939 GC heap after
{Heap after GC invocations=4 (full 0):
 garbage-first heap   total 51200K, used 12682K [0x000000070a400000, 0x0000000800000000)
  region size 2048K, 5 young (10240K), 5 survivors (10240K)
 Metaspace       used 29097K, committed 29440K, reserved 1114112K
  class space    used 3486K, committed 3648K, reserved 1048576K
}
Event: 1.045 GC heap before
{Heap before GC invocations=4 (full 0):
 garbage-first heap   total 51200K, used 35210K [0x000000070a400000, 0x0000000800000000)
  region size 2048K, 15 young (30720K), 5 survivors (10240K)
 Metaspace       used 29268K, committed 29632K, reserved 1114112K
  class space    used 3486K, committed 3648K, reserved 1048576K
}
Event: 1.055 GC heap after
{Heap after GC invocations=5 (full 0):
 garbage-first heap   total 51200K, used 17932K [0x000000070a400000, 0x0000000800000000)
  region size 2048K, 2 young (4096K), 2 survivors (4096K)
 Metaspace       used 29268K, committed 29632K, reserved 1114112K
  class space    used 3486K, committed 3648K, reserved 1048576K
}
Event: 1.234 GC heap before
{Heap before GC invocations=5 (full 0):
 garbage-first heap   total 51200K, used 40460K [0x000000070a400000, 0x0000000800000000)
  region size 2048K, 12 young (24576K), 2 survivors (4096K)
 Metaspace       used 31701K, committed 32000K, reserved 1114112K
  class space    used 3973K, committed 4096K, reserved 1048576K
}
Event: 1.241 GC heap after
{Heap after GC invocations=6 (full 0):
 garbage-first heap   total 51200K, used 25413K [0x000000070a400000, 0x0000000800000000)
  region size 2048K, 2 young (4096K), 2 survivors (4096K)
 Metaspace       used 31701K, committed 32000K, reserved 1114112K
  class space    used 3973K, committed 4096K, reserved 1048576K
}
Event: 1.395 GC heap before
{Heap before GC invocations=6 (full 0):
 garbage-first heap   total 51200K, used 39749K [0x000000070a400000, 0x0000000800000000)
  region size 2048K, 9 young (18432K), 2 survivors (4096K)
 Metaspace       used 34904K, committed 35136K, reserved 1114112K
  class space    used 4307K, committed 4416K, reserved 1048576K
}
Event: 1.400 GC heap after
{Heap after GC invocations=7 (full 0):
 garbage-first heap   total 51200K, used 25925K [0x000000070a400000, 0x0000000800000000)
  region size 2048K, 1 young (2048K), 1 survivors (2048K)
 Metaspace       used 34904K, committed 35136K, reserved 1114112K
  class space    used 4307K, committed 4416K, reserved 1048576K
}
Event: 1.406 GC heap before
{Heap before GC invocations=7 (full 0):
 garbage-first heap   total 51200K, used 25925K [0x000000070a400000, 0x0000000800000000)
  region size 2048K, 2 young (4096K), 1 survivors (2048K)
 Metaspace       used 34910K, committed 35136K, reserved 1114112K
  class space    used 4307K, committed 4416K, reserved 1048576K
}
Event: 1.407 GC heap after
{Heap after GC invocations=8 (full 0):
 garbage-first heap   total 151552K, used 26282K [0x000000070a400000, 0x0000000800000000)
  region size 2048K, 1 young (2048K), 1 survivors (2048K)
 Metaspace       used 34910K, committed 35136K, reserved 1114112K
  class space    used 4307K, committed 4416K, reserved 1048576K
}
Event: 1.510 GC heap before
{Heap before GC invocations=8 (full 0):
 garbage-first heap   total 151552K, used 38570K [0x000000070a400000, 0x0000000800000000)
  region size 2048K, 7 young (14336K), 1 survivors (2048K)
 Metaspace       used 35744K, committed 35968K, reserved 1114112K
  class space    used 4391K, committed 4480K, reserved 1048576K
}
Event: 1.513 GC heap after
{Heap after GC invocations=9 (full 0):
 garbage-first heap   total 151552K, used 28587K [0x000000070a400000, 0x0000000800000000)
  region size 2048K, 2 young (4096K), 2 survivors (4096K)
 Metaspace       used 35744K, committed 35968K, reserved 1114112K
  class space    used 4391K, committed 4480K, reserved 1048576K
}
Event: 2.333 GC heap before
{Heap before GC invocations=10 (full 0):
 garbage-first heap   total 110592K, used 108459K [0x000000070a400000, 0x0000000800000000)
  region size 2048K, 40 young (81920K), 2 survivors (4096K)
 Metaspace       used 50239K, committed 51008K, reserved 1114112K
  class space    used 6011K, committed 6400K, reserved 1048576K
}
Event: 2.346 GC heap after
{Heap after GC invocations=11 (full 0):
 garbage-first heap   total 122880K, used 40119K [0x000000070a400000, 0x0000000800000000)
  region size 2048K, 6 young (12288K), 6 survivors (12288K)
 Metaspace       used 50239K, committed 51008K, reserved 1114112K
  class space    used 6011K, committed 6400K, reserved 1048576K
}
Event: 2.640 GC heap before
{Heap before GC invocations=11 (full 0):
 garbage-first heap   total 122880K, used 97463K [0x000000070a400000, 0x0000000800000000)
  region size 2048K, 34 young (69632K), 6 survivors (12288K)
 Metaspace       used 51624K, committed 52352K, reserved 1114112K
  class space    used 6119K, committed 6464K, reserved 1048576K
}
Event: 2.654 GC heap after
{Heap after GC invocations=12 (full 0):
 garbage-first heap   total 122880K, used 46397K [0x000000070a400000, 0x0000000800000000)
  region size 2048K, 4 young (8192K), 4 survivors (8192K)
 Metaspace       used 51624K, committed 52352K, reserved 1114112K
  class space    used 6119K, committed 6464K, reserved 1048576K
}
Event: 2.985 GC heap before
{Heap before GC invocations=12 (full 0):
 garbage-first heap   total 122880K, used 101693K [0x000000070a400000, 0x0000000800000000)
  region size 2048K, 30 young (61440K), 4 survivors (8192K)
 Metaspace       used 52414K, committed 53120K, reserved 1114112K
  class space    used 6208K, committed 6528K, reserved 1048576K
}
Event: 2.995 GC heap after
{Heap after GC invocations=13 (full 0):
 garbage-first heap   total 122880K, used 55493K [0x000000070a400000, 0x0000000800000000)
  region size 2048K, 4 young (8192K), 4 survivors (8192K)
 Metaspace       used 52414K, committed 53120K, reserved 1114112K
  class space    used 6208K, committed 6528K, reserved 1048576K
}
Event: 3.150 GC heap before
{Heap before GC invocations=13 (full 0):
 garbage-first heap   total 122880K, used 102597K [0x000000070a400000, 0x0000000800000000)
  region size 2048K, 27 young (55296K), 4 survivors (8192K)
 Metaspace       used 52415K, committed 53184K, reserved 1114112K
  class space    used 6208K, committed 6528K, reserved 1048576K
}

