# JRE version: OpenJDK Runtime Environment (21.0.3) (build 21.0.3+-12282718-b509.11)
# Java VM: OpenJDK 64-Bit Server VM (21.0.3+-12282718-b509.11, mixed mode, tiered, compressed oops, compressed class ptrs, g1 gc, windows-amd64)
GC Precious Log:
 CardTable entry size: 512
 Card Set container configuration: InlinePtr #cards 5 size 8 Array Of Cards #cards 12 size 40 Howl #buckets 4 coarsen threshold 1843 Howl Bitmap #cards 512 size 80 coarsen threshold 460 Card regions per heap region 1 cards per card region 2048
 CPUs: 12 total, 12 available
 Memory: 15724M
 Large Page Support: Disabled
 NUMA Support: Disabled
 Compressed Oops: Enabled (32-bit)
 Heap Region Size: 1M
 Heap Min Capacity: 8M
 Heap Initial Capacity: 246M
 Heap Max Capacity: 2G
 Pre-touch: Disabled
 Parallel Workers: 10
 Concurrent Workers: 3
 Concurrent Refinement Workers: 10
 Periodic GC: Disabled
Heap:
 garbage-first heap   total 350208K, used 221560K [0x0000000080000000, 0x0000000100000000)
  region size 1024K, 70 young (71680K), 5 survivors (5120K)
 Metaspace       used 135595K, committed 137920K, reserved 1179648K
  class space    used 19388K, committed 20544K, reserved 1048576K
GC Heap History (20 events):
Event: 10.634 GC heap before
{Heap before GC invocations=38 (full 0):
 garbage-first heap   total 240640K, used 178372K [0x0000000080000000, 0x0000000100000000)
  region size 1024K, 68 young (69632K), 8 survivors (8192K)
 Metaspace       used 111407K, committed 113536K, reserved 1179648K
  class space    used 15455K, committed 16512K, reserved 1048576K
}
Event: 10.640 GC heap after
{Heap after GC invocations=39 (full 0):
 garbage-first heap   total 240640K, used 119193K [0x0000000080000000, 0x0000000100000000)
  region size 1024K, 5 young (5120K), 5 survivors (5120K)
 Metaspace       used 111407K, committed 113536K, reserved 1179648K
  class space    used 15455K, committed 16512K, reserved 1048576K
}
Event: 10.847 GC heap before
{Heap before GC invocations=39 (full 0):
 garbage-first heap   total 240640K, used 209305K [0x0000000080000000, 0x0000000100000000)
  region size 1024K, 94 young (96256K), 5 survivors (5120K)
 Metaspace       used 111539K, committed 113664K, reserved 1179648K
  class space    used 15467K, committed 16512K, reserved 1048576K
}
Event: 10.852 GC heap after
{Heap after GC invocations=40 (full 0):
 garbage-first heap   total 240640K, used 121229K [0x0000000080000000, 0x0000000100000000)
  region size 1024K, 7 young (7168K), 7 survivors (7168K)
 Metaspace       used 111539K, committed 113664K, reserved 1179648K
  class space    used 15467K, committed 16512K, reserved 1048576K
}
Event: 11.049 GC heap before
{Heap before GC invocations=40 (full 0):
 garbage-first heap   total 240640K, used 218509K [0x0000000080000000, 0x0000000100000000)
  region size 1024K, 103 young (105472K), 7 survivors (7168K)
 Metaspace       used 111735K, committed 113856K, reserved 1179648K
  class space    used 15497K, committed 16576K, reserved 1048576K
}
Event: 11.055 GC heap after
{Heap after GC invocations=41 (full 0):
 garbage-first heap   total 350208K, used 123628K [0x0000000080000000, 0x0000000100000000)
  region size 1024K, 10 young (10240K), 10 survivors (10240K)
 Metaspace       used 111735K, committed 113856K, reserved 1179648K
  class space    used 15497K, committed 16576K, reserved 1048576K
}
Event: 11.605 GC heap before
{Heap before GC invocations=41 (full 0):
 garbage-first heap   total 350208K, used 316140K [0x0000000080000000, 0x0000000100000000)
  region size 1024K, 199 young (203776K), 10 survivors (10240K)
 Metaspace       used 112073K, committed 114176K, reserved 1179648K
  class space    used 15528K, committed 16576K, reserved 1048576K
}
Event: 11.613 GC heap after
{Heap after GC invocations=42 (full 0):
 garbage-first heap   total 350208K, used 127891K [0x0000000080000000, 0x0000000100000000)
  region size 1024K, 16 young (16384K), 16 survivors (16384K)
 Metaspace       used 112073K, committed 114176K, reserved 1179648K
  class space    used 15528K, committed 16576K, reserved 1048576K
}
Event: 12.151 GC heap before
{Heap before GC invocations=42 (full 0):
 garbage-first heap   total 350208K, used 318355K [0x0000000080000000, 0x0000000100000000)
  region size 1024K, 198 young (202752K), 16 survivors (16384K)
 Metaspace       used 116081K, committed 118208K, reserved 1179648K
  class space    used 16033K, committed 17088K, reserved 1048576K
}
Event: 12.160 GC heap after
{Heap after GC invocations=43 (full 0):
 garbage-first heap   total 350208K, used 136981K [0x0000000080000000, 0x0000000100000000)
  region size 1024K, 21 young (21504K), 21 survivors (21504K)
 Metaspace       used 116081K, committed 118208K, reserved 1179648K
  class space    used 16033K, committed 17088K, reserved 1048576K
}
Event: 12.628 GC heap before
{Heap before GC invocations=43 (full 0):
 garbage-first heap   total 350208K, used 307989K [0x0000000080000000, 0x0000000100000000)
  region size 1024K, 189 young (193536K), 21 survivors (21504K)
 Metaspace       used 129365K, committed 131584K, reserved 1179648K
  class space    used 18494K, committed 19584K, reserved 1048576K
}
Event: 12.647 GC heap after
{Heap after GC invocations=44 (full 0):
 garbage-first heap   total 350208K, used 155880K [0x0000000080000000, 0x0000000100000000)
  region size 1024K, 24 young (24576K), 24 survivors (24576K)
 Metaspace       used 129365K, committed 131584K, reserved 1179648K
  class space    used 18494K, committed 19584K, reserved 1048576K
}
Event: 12.987 GC heap before
{Heap before GC invocations=44 (full 0):
 garbage-first heap   total 350208K, used 305384K [0x0000000080000000, 0x0000000100000000)
  region size 1024K, 171 young (175104K), 24 survivors (24576K)
 Metaspace       used 134610K, committed 136896K, reserved 1179648K
  class space    used 19355K, committed 20480K, reserved 1048576K
}
Event: 12.998 GC heap after
{Heap after GC invocations=45 (full 0):
 garbage-first heap   total 350208K, used 159054K [0x0000000080000000, 0x0000000100000000)
  region size 1024K, 6 young (6144K), 6 survivors (6144K)
 Metaspace       used 134610K, committed 136896K, reserved 1179648K
  class space    used 19355K, committed 20480K, reserved 1048576K
}
Event: 13.271 GC heap before
{Heap before GC invocations=46 (full 0):
 garbage-first heap   total 350208K, used 316750K [0x0000000080000000, 0x0000000100000000)
  region size 1024K, 161 young (164864K), 6 survivors (6144K)
 Metaspace       used 134925K, committed 137152K, reserved 1179648K
  class space    used 19388K, committed 20480K, reserved 1048576K
}
Event: 13.274 GC heap after
{Heap after GC invocations=47 (full 0):
 garbage-first heap   total 350208K, used 157630K [0x0000000080000000, 0x0000000100000000)
  region size 1024K, 5 young (5120K), 5 survivors (5120K)
 Metaspace       used 134925K, committed 137152K, reserved 1179648K
  class space    used 19388K, committed 20480K, reserved 1048576K
}
Event: 13.487 GC heap before
{Heap before GC invocations=47 (full 0):
 garbage-first heap   total 350208K, used 322494K [0x0000000080000000, 0x0000000100000000)
  region size 1024K, 166 young (169984K), 5 survivors (5120K)
 Metaspace       used 135205K, committed 137408K, reserved 1179648K
  class space    used 19397K, committed 20480K, reserved 1048576K
}
Event: 13.493 GC heap after
{Heap after GC invocations=48 (full 0):
 garbage-first heap   total 350208K, used 157495K [0x0000000080000000, 0x0000000100000000)
  region size 1024K, 7 young (7168K), 7 survivors (7168K)
 Metaspace       used 135205K, committed 137408K, reserved 1179648K
  class space    used 19397K, committed 20480K, reserved 1048576K
}
Event: 13.669 GC heap before
{Heap before GC invocations=48 (full 0):
 garbage-first heap   total 350208K, used 323383K [0x0000000080000000, 0x0000000100000000)
  region size 1024K, 169 young (173056K), 7 survivors (7168K)
 Metaspace       used 135423K, committed 137728K, reserved 1179648K
  class space    used 19403K, committed 20544K, reserved 1048576K
}
Event: 13.674 GC heap after
{Heap after GC invocations=49 (full 0):
 garbage-first heap   total 350208K, used 156024K [0x0000000080000000, 0x0000000100000000)
  region size 1024K, 5 young (5120K), 5 survivors (5120K)
 Metaspace       used 135423K, committed 137728K, reserved 1179648K
  class space    used 19403K, committed 20544K, reserved 1048576K
}

