# JRE version: OpenJDK Runtime Environment (21.0.3) (build 21.0.3+-12282718-b509.11)
# Java VM: OpenJDK 64-Bit Server VM (21.0.3+-12282718-b509.11, mixed mode, tiered, compressed oops, compressed class ptrs, g1 gc, windows-amd64)
GC Precious Log:
 CardTable entry size: 512
 Card Set container configuration: InlinePtr #cards 5 size 8 Array Of Cards #cards 12 size 40 Howl #buckets 4 coarsen threshold 1843 Howl Bitmap #cards 512 size 80 coarsen threshold 460 Card regions per heap region 1 cards per card region 2048
 CPUs: 12 total, 12 available
 Memory: 15724M
 Large Page Support: Disabled
 NUMA Support: Disabled
 Compressed Oops: Enabled (32-bit)
 Heap Region Size: 1M
 Heap Min Capacity: 8M
 Heap Initial Capacity: 246M
 Heap Max Capacity: 2G
 Pre-touch: Disabled
 Parallel Workers: 10
 Concurrent Workers: 3
 Concurrent Refinement Workers: 10
 Periodic GC: Disabled
Heap:
 garbage-first heap   total 184320K, used 137564K [0x0000000080000000, 0x0000000100000000)
  region size 1024K, 56 young (57344K), 6 survivors (6144K)
 Metaspace       used 97025K, committed 99072K, reserved 1179648K
  class space    used 13448K, committed 14464K, reserved 1048576K
GC Heap History (20 events):
Event: 4.414 GC heap before
{Heap before GC invocations=15 (full 0):
 garbage-first heap   total 107520K, used 93294K [0x0000000080000000, 0x0000000100000000)
  region size 1024K, 50 young (51200K), 5 survivors (5120K)
 Metaspace       used 65532K, committed 67200K, reserved 1114112K
  class space    used 9032K, committed 9856K, reserved 1048576K
}
Event: 4.417 GC heap after
{Heap after GC invocations=16 (full 0):
 garbage-first heap   total 107520K, used 49421K [0x0000000080000000, 0x0000000100000000)
  region size 1024K, 4 young (4096K), 4 survivors (4096K)
 Metaspace       used 65532K, committed 67200K, reserved 1114112K
  class space    used 9032K, committed 9856K, reserved 1048576K
}
Event: 4.481 GC heap before
{Heap before GC invocations=16 (full 0):
 garbage-first heap   total 107520K, used 94477K [0x0000000080000000, 0x0000000100000000)
  region size 1024K, 49 young (50176K), 4 survivors (4096K)
 Metaspace       used 65684K, committed 67264K, reserved 1114112K
  class space    used 9032K, committed 9856K, reserved 1048576K
}
Event: 4.484 GC heap after
{Heap after GC invocations=17 (full 0):
 garbage-first heap   total 129024K, used 50165K [0x0000000080000000, 0x0000000100000000)
  region size 1024K, 5 young (5120K), 5 survivors (5120K)
 Metaspace       used 65684K, committed 67264K, reserved 1114112K
  class space    used 9032K, committed 9856K, reserved 1048576K
}
Event: 4.658 GC heap before
{Heap before GC invocations=18 (full 0):
 garbage-first heap   total 129024K, used 120821K [0x0000000080000000, 0x0000000100000000)
  region size 1024K, 68 young (69632K), 5 survivors (5120K)
 Metaspace       used 66011K, committed 67648K, reserved 1114112K
  class space    used 9082K, committed 9920K, reserved 1048576K
}
Event: 4.661 GC heap after
{Heap after GC invocations=19 (full 0):
 garbage-first heap   total 132096K, used 62464K [0x0000000080000000, 0x0000000100000000)
  region size 1024K, 9 young (9216K), 9 survivors (9216K)
 Metaspace       used 66011K, committed 67648K, reserved 1114112K
  class space    used 9082K, committed 9920K, reserved 1048576K
}
Event: 5.000 GC heap before
{Heap before GC invocations=19 (full 0):
 garbage-first heap   total 132096K, used 118784K [0x0000000080000000, 0x0000000100000000)
  region size 1024K, 61 young (62464K), 9 survivors (9216K)
 Metaspace       used 70322K, committed 72000K, reserved 1114112K
  class space    used 9646K, committed 10496K, reserved 1048576K
}
Event: 5.004 GC heap after
{Heap after GC invocations=20 (full 0):
 garbage-first heap   total 136192K, used 69319K [0x0000000080000000, 0x0000000100000000)
  region size 1024K, 5 young (5120K), 5 survivors (5120K)
 Metaspace       used 70322K, committed 72000K, reserved 1114112K
  class space    used 9646K, committed 10496K, reserved 1048576K
}
Event: 5.355 GC heap before
{Heap before GC invocations=20 (full 0):
 garbage-first heap   total 136192K, used 117447K [0x0000000080000000, 0x0000000100000000)
  region size 1024K, 53 young (54272K), 5 survivors (5120K)
 Metaspace       used 76406K, committed 78208K, reserved 1179648K
  class space    used 10433K, committed 11328K, reserved 1048576K
}
Event: 5.358 GC heap after
{Heap after GC invocations=21 (full 0):
 garbage-first heap   total 136192K, used 72455K [0x0000000080000000, 0x0000000100000000)
  region size 1024K, 4 young (4096K), 4 survivors (4096K)
 Metaspace       used 76406K, committed 78208K, reserved 1179648K
  class space    used 10433K, committed 11328K, reserved 1048576K
}
Event: 5.629 GC heap before
{Heap before GC invocations=22 (full 0):
 garbage-first heap   total 147456K, used 126727K [0x0000000080000000, 0x0000000100000000)
  region size 1024K, 52 young (53248K), 4 survivors (4096K)
 Metaspace       used 79218K, committed 81024K, reserved 1179648K
  class space    used 10818K, committed 11712K, reserved 1048576K
}
Event: 5.632 GC heap after
{Heap after GC invocations=23 (full 0):
 garbage-first heap   total 147456K, used 77692K [0x0000000080000000, 0x0000000100000000)
  region size 1024K, 7 young (7168K), 7 survivors (7168K)
 Metaspace       used 79218K, committed 81024K, reserved 1179648K
  class space    used 10818K, committed 11712K, reserved 1048576K
}
Event: 5.982 GC heap before
{Heap before GC invocations=23 (full 0):
 garbage-first heap   total 147456K, used 129916K [0x0000000080000000, 0x0000000100000000)
  region size 1024K, 58 young (59392K), 7 survivors (7168K)
 Metaspace       used 84791K, committed 86592K, reserved 1179648K
  class space    used 11535K, committed 12416K, reserved 1048576K
}
Event: 5.985 GC heap after
{Heap after GC invocations=24 (full 0):
 garbage-first heap   total 147456K, used 79799K [0x0000000080000000, 0x0000000100000000)
  region size 1024K, 3 young (3072K), 3 survivors (3072K)
 Metaspace       used 84791K, committed 86592K, reserved 1179648K
  class space    used 11535K, committed 12416K, reserved 1048576K
}
Event: 6.284 GC heap before
{Heap before GC invocations=24 (full 0):
 garbage-first heap   total 147456K, used 130999K [0x0000000080000000, 0x0000000100000000)
  region size 1024K, 53 young (54272K), 3 survivors (3072K)
 Metaspace       used 88252K, committed 90176K, reserved 1179648K
  class space    used 12024K, committed 12992K, reserved 1048576K
}
Event: 6.287 GC heap after
{Heap after GC invocations=25 (full 0):
 garbage-first heap   total 147456K, used 82264K [0x0000000080000000, 0x0000000100000000)
  region size 1024K, 6 young (6144K), 6 survivors (6144K)
 Metaspace       used 88252K, committed 90176K, reserved 1179648K
  class space    used 12024K, committed 12992K, reserved 1048576K
}
Event: 6.496 GC heap before
{Heap before GC invocations=26 (full 0):
 garbage-first heap   total 153600K, used 131416K [0x0000000080000000, 0x0000000100000000)
  region size 1024K, 54 young (55296K), 6 survivors (6144K)
 Metaspace       used 89503K, committed 91392K, reserved 1179648K
  class space    used 12186K, committed 13120K, reserved 1048576K
}
Event: 6.500 GC heap after
{Heap after GC invocations=27 (full 0):
 garbage-first heap   total 153600K, used 85927K [0x0000000080000000, 0x0000000100000000)
  region size 1024K, 7 young (7168K), 7 survivors (7168K)
 Metaspace       used 89503K, committed 91392K, reserved 1179648K
  class space    used 12186K, committed 13120K, reserved 1048576K
}
Event: 6.780 GC heap before
{Heap before GC invocations=27 (full 0):
 garbage-first heap   total 153600K, used 138151K [0x0000000080000000, 0x0000000100000000)
  region size 1024K, 57 young (58368K), 7 survivors (7168K)
 Metaspace       used 93270K, committed 95168K, reserved 1179648K
  class space    used 12795K, committed 13760K, reserved 1048576K
}
Event: 6.783 GC heap after
{Heap after GC invocations=28 (full 0):
 garbage-first heap   total 184320K, used 87388K [0x0000000080000000, 0x0000000100000000)
  region size 1024K, 6 young (6144K), 6 survivors (6144K)
 Metaspace       used 93270K, committed 95168K, reserved 1179648K
  class space    used 12795K, committed 13760K, reserved 1048576K
}

