# JRE version: OpenJDK Runtime Environment (21.0.3) (build 21.0.3+-12282718-b509.11)
# Java VM: OpenJDK 64-Bit Server VM (21.0.3+-12282718-b509.11, mixed mode, tiered, compressed oops, compressed class ptrs, g1 gc, windows-amd64)
GC Precious Log:
 CardTable entry size: 512
 Card Set container configuration: InlinePtr #cards 5 size 8 Array Of Cards #cards 12 size 40 Howl #buckets 4 coarsen threshold 1843 Howl Bitmap #cards 512 size 80 coarsen threshold 460 Card regions per heap region 1 cards per card region 2048
 CPUs: 12 total, 12 available
 Memory: 15724M
 Large Page Support: Disabled
 NUMA Support: Disabled
 Compressed Oops: Enabled (32-bit)
 Heap Region Size: 1M
 Heap Min Capacity: 8M
 Heap Initial Capacity: 246M
 Heap Max Capacity: 2G
 Pre-touch: Disabled
 Parallel Workers: 10
 Concurrent Workers: 3
 Concurrent Refinement Workers: 10
 Periodic GC: Disabled
Heap:
 garbage-first heap   total 417792K, used 246853K [0x0000000080000000, 0x0000000100000000)
  region size 1024K, 41 young (41984K), 6 survivors (6144K)
 Metaspace       used 168500K, committed 169984K, reserved 1245184K
  class space    used 22792K, committed 23552K, reserved 1048576K
GC Heap History (20 events):
Event: 820.769 GC heap after
{Heap after GC invocations=87 (full 0):
 garbage-first heap   total 380928K, used 202968K [0x0000000080000000, 0x0000000100000000)
  region size 1024K, 5 young (5120K), 5 survivors (5120K)
 Metaspace       used 156439K, committed 158912K, reserved 1245184K
  class space    used 21235K, committed 22464K, reserved 1048576K
}
Event: 821.169 GC heap before
{Heap before GC invocations=87 (full 0):
 garbage-first heap   total 380928K, used 327896K [0x0000000080000000, 0x0000000100000000)
  region size 1024K, 128 young (131072K), 5 survivors (5120K)
 Metaspace       used 162901K, committed 165440K, reserved 1245184K
  class space    used 22299K, committed 23552K, reserved 1048576K
}
Event: 821.177 GC heap after
{Heap after GC invocations=88 (full 0):
 garbage-first heap   total 380928K, used 196864K [0x0000000080000000, 0x0000000100000000)
  region size 1024K, 11 young (11264K), 11 survivors (11264K)
 Metaspace       used 162901K, committed 165440K, reserved 1245184K
  class space    used 22299K, committed 23552K, reserved 1048576K
}
Event: 821.559 GC heap before
{Heap before GC invocations=88 (full 0):
 garbage-first heap   total 380928K, used 337152K [0x0000000080000000, 0x0000000100000000)
  region size 1024K, 149 young (152576K), 11 survivors (11264K)
 Metaspace       used 165407K, committed 167936K, reserved 1245184K
  class space    used 22649K, committed 23872K, reserved 1048576K
}
Event: 821.564 GC heap after
{Heap after GC invocations=89 (full 0):
 garbage-first heap   total 380928K, used 192690K [0x0000000080000000, 0x0000000100000000)
  region size 1024K, 4 young (4096K), 4 survivors (4096K)
 Metaspace       used 165407K, committed 167936K, reserved 1245184K
  class space    used 22649K, committed 23872K, reserved 1048576K
}
Event: 824.439 GC heap before
{Heap before GC invocations=90 (full 0):
 garbage-first heap   total 380928K, used 346290K [0x0000000080000000, 0x0000000100000000)
  region size 1024K, 156 young (159744K), 4 survivors (4096K)
 Metaspace       used 155781K, committed 158272K, reserved 1245184K
  class space    used 21322K, committed 22528K, reserved 1048576K
}
Event: 824.445 GC heap after
{Heap after GC invocations=91 (full 0):
 garbage-first heap   total 380928K, used 193412K [0x0000000080000000, 0x0000000100000000)
  region size 1024K, 6 young (6144K), 6 survivors (6144K)
 Metaspace       used 155781K, committed 158272K, reserved 1245184K
  class space    used 21322K, committed 22528K, reserved 1048576K
}
Event: 1261.233 GC heap before
{Heap before GC invocations=91 (full 0):
 garbage-first heap   total 380928K, used 379780K [0x0000000080000000, 0x0000000100000000)
  region size 1024K, 66 young (67584K), 6 survivors (6144K)
 Metaspace       used 156931K, committed 159424K, reserved 1245184K
  class space    used 21482K, committed 22720K, reserved 1048576K
}
Event: 1261.243 GC heap after
{Heap after GC invocations=92 (full 0):
 garbage-first heap   total 393216K, used 178560K [0x0000000080000000, 0x0000000100000000)
  region size 1024K, 7 young (7168K), 7 survivors (7168K)
 Metaspace       used 156931K, committed 159424K, reserved 1245184K
  class space    used 21482K, committed 22720K, reserved 1048576K
}
Event: 1262.981 GC heap before
{Heap before GC invocations=92 (full 0):
 garbage-first heap   total 393216K, used 364928K [0x0000000080000000, 0x0000000100000000)
  region size 1024K, 189 young (193536K), 7 survivors (7168K)
 Metaspace       used 157073K, committed 159552K, reserved 1245184K
  class space    used 21484K, committed 22720K, reserved 1048576K
}
Event: 1262.997 GC heap after
{Heap after GC invocations=93 (full 0):
 garbage-first heap   total 393216K, used 195984K [0x0000000080000000, 0x0000000100000000)
  region size 1024K, 24 young (24576K), 24 survivors (24576K)
 Metaspace       used 157073K, committed 159552K, reserved 1245184K
  class space    used 21484K, committed 22720K, reserved 1048576K
}
Event: 2611.832 GC heap before
{Heap before GC invocations=94 (full 0):
 garbage-first heap   total 393216K, used 346512K [0x0000000080000000, 0x0000000100000000)
  region size 1024K, 172 young (176128K), 24 survivors (24576K)
 Metaspace       used 157244K, committed 159744K, reserved 1245184K
  class space    used 21478K, committed 22720K, reserved 1048576K
}
Event: 2611.845 GC heap after
{Heap after GC invocations=95 (full 0):
 garbage-first heap   total 393216K, used 193443K [0x0000000080000000, 0x0000000100000000)
  region size 1024K, 14 young (14336K), 14 survivors (14336K)
 Metaspace       used 157244K, committed 159744K, reserved 1245184K
  class space    used 21478K, committed 22720K, reserved 1048576K
}
Event: 2616.428 GC heap before
{Heap before GC invocations=95 (full 0):
 garbage-first heap   total 393216K, used 359331K [0x0000000080000000, 0x0000000100000000)
  region size 1024K, 173 young (177152K), 14 survivors (14336K)
 Metaspace       used 157395K, committed 159872K, reserved 1245184K
  class space    used 21478K, committed 22720K, reserved 1048576K
}
Event: 2616.454 GC heap after
{Heap after GC invocations=96 (full 0):
 garbage-first heap   total 417792K, used 226527K [0x0000000080000000, 0x0000000100000000)
  region size 1024K, 22 young (22528K), 22 survivors (22528K)
 Metaspace       used 157395K, committed 159872K, reserved 1245184K
  class space    used 21478K, committed 22720K, reserved 1048576K
}
Event: 2616.804 GC heap before
{Heap before GC invocations=96 (full 0):
 garbage-first heap   total 417792K, used 249055K [0x0000000080000000, 0x0000000100000000)
  region size 1024K, 46 young (47104K), 22 survivors (22528K)
 Metaspace       used 157425K, committed 159936K, reserved 1245184K
  class space    used 21479K, committed 22720K, reserved 1048576K
}
Event: 2616.810 GC heap after
{Heap after GC invocations=97 (full 0):
 garbage-first heap   total 417792K, used 222102K [0x0000000080000000, 0x0000000100000000)
  region size 1024K, 4 young (4096K), 4 survivors (4096K)
 Metaspace       used 157425K, committed 159936K, reserved 1245184K
  class space    used 21479K, committed 22720K, reserved 1048576K
}
Event: 2618.452 GC heap before
{Heap before GC invocations=98 (full 0):
 garbage-first heap   total 417792K, used 376726K [0x0000000080000000, 0x0000000100000000)
  region size 1024K, 146 young (149504K), 4 survivors (4096K)
 Metaspace       used 163478K, committed 165056K, reserved 1245184K
  class space    used 21994K, committed 22848K, reserved 1048576K
}
Event: 2618.462 GC heap after
{Heap after GC invocations=99 (full 0):
 garbage-first heap   total 417792K, used 246071K [0x0000000080000000, 0x0000000100000000)
  region size 1024K, 19 young (19456K), 19 survivors (19456K)
 Metaspace       used 163478K, committed 165056K, reserved 1245184K
  class space    used 21994K, committed 22848K, reserved 1048576K
}
Event: 2624.580 GC heap before
{Heap before GC invocations=99 (full 0):
 garbage-first heap   total 417792K, used 362807K [0x0000000080000000, 0x0000000100000000)
  region size 1024K, 134 young (137216K), 19 survivors (19456K)
 Metaspace       used 168454K, committed 169984K, reserved 1245184K
  class space    used 22792K, committed 23552K, reserved 1048576K
}

