# JRE version: OpenJDK Runtime Environment (21.0.3) (build 21.0.3+-12282718-b509.11)
# Java VM: OpenJDK 64-Bit Server VM (21.0.3+-12282718-b509.11, mixed mode, tiered, compressed oops, compressed class ptrs, g1 gc, windows-amd64)
GC Precious Log:
 CardTable entry size: 512
 Card Set container configuration: InlinePtr #cards 5 size 8 Array Of Cards #cards 12 size 40 Howl #buckets 4 coarsen threshold 1843 Howl Bitmap #cards 512 size 80 coarsen threshold 460 Card regions per heap region 1 cards per card region 2048
 CPUs: 12 total, 12 available
 Memory: 15724M
 Large Page Support: Disabled
 NUMA Support: Disabled
 Compressed Oops: Enabled (32-bit)
 Heap Region Size: 1M
 Heap Min Capacity: 8M
 Heap Initial Capacity: 246M
 Heap Max Capacity: 2G
 Pre-touch: Disabled
 Parallel Workers: 10
 Concurrent Workers: 3
 Concurrent Refinement Workers: 10
 Periodic GC: Disabled
Heap:
 garbage-first heap   total 271360K, used 198820K [0x0000000080000000, 0x0000000100000000)
  region size 1024K, 55 young (56320K), 6 survivors (6144K)
 Metaspace       used 121284K, committed 123072K, reserved 1179648K
  class space    used 16366K, committed 17600K, reserved 1048576K
GC Heap History (20 events):
Event: 21.670 GC heap before
{Heap before GC invocations=54 (full 0):
 garbage-first heap   total 214016K, used 187016K [0x0000000080000000, 0x0000000100000000)
  region size 1024K, 73 young (74752K), 8 survivors (8192K)
 Metaspace       used 117641K, committed 119808K, reserved 1179648K
  class space    used 16259K, committed 17344K, reserved 1048576K
}
Event: 21.675 GC heap after
{Heap after GC invocations=55 (full 0):
 garbage-first heap   total 214016K, used 123096K [0x0000000080000000, 0x0000000100000000)
  region size 1024K, 7 young (7168K), 7 survivors (7168K)
 Metaspace       used 117641K, committed 119808K, reserved 1179648K
  class space    used 16259K, committed 17344K, reserved 1048576K
}
Event: 22.425 GC heap before
{Heap before GC invocations=55 (full 0):
 garbage-first heap   total 214016K, used 193752K [0x0000000080000000, 0x0000000100000000)
  region size 1024K, 77 young (78848K), 7 survivors (7168K)
 Metaspace       used 117763K, committed 119872K, reserved 1179648K
  class space    used 16267K, committed 17344K, reserved 1048576K
}
Event: 22.431 GC heap after
{Heap after GC invocations=56 (full 0):
 garbage-first heap   total 214016K, used 124432K [0x0000000080000000, 0x0000000100000000)
  region size 1024K, 7 young (7168K), 7 survivors (7168K)
 Metaspace       used 117763K, committed 119872K, reserved 1179648K
  class space    used 16267K, committed 17344K, reserved 1048576K
}
Event: 23.472 GC heap before
{Heap before GC invocations=56 (full 0):
 garbage-first heap   total 214016K, used 194064K [0x0000000080000000, 0x0000000100000000)
  region size 1024K, 76 young (77824K), 7 survivors (7168K)
 Metaspace       used 117769K, committed 119872K, reserved 1179648K
  class space    used 16267K, committed 17344K, reserved 1048576K
}
Event: 23.477 GC heap after
{Heap after GC invocations=57 (full 0):
 garbage-first heap   total 214016K, used 126792K [0x0000000080000000, 0x0000000100000000)
  region size 1024K, 7 young (7168K), 7 survivors (7168K)
 Metaspace       used 117769K, committed 119872K, reserved 1179648K
  class space    used 16267K, committed 17344K, reserved 1048576K
}
Event: 24.027 GC heap before
{Heap before GC invocations=58 (full 0):
 garbage-first heap   total 220160K, used 193352K [0x0000000080000000, 0x0000000100000000)
  region size 1024K, 73 young (74752K), 7 survivors (7168K)
 Metaspace       used 117794K, committed 119936K, reserved 1179648K
  class space    used 16269K, committed 17344K, reserved 1048576K
}
Event: 24.032 GC heap after
{Heap after GC invocations=59 (full 0):
 garbage-first heap   total 220160K, used 127924K [0x0000000080000000, 0x0000000100000000)
  region size 1024K, 6 young (6144K), 6 survivors (6144K)
 Metaspace       used 117794K, committed 119936K, reserved 1179648K
  class space    used 16269K, committed 17344K, reserved 1048576K
}
Event: 24.487 GC heap before
{Heap before GC invocations=59 (full 0):
 garbage-first heap   total 220160K, used 199604K [0x0000000080000000, 0x0000000100000000)
  region size 1024K, 77 young (78848K), 6 survivors (6144K)
 Metaspace       used 117818K, committed 119936K, reserved 1179648K
  class space    used 16270K, committed 17344K, reserved 1048576K
}
Event: 24.493 GC heap after
{Heap after GC invocations=60 (full 0):
 garbage-first heap   total 220160K, used 129395K [0x0000000080000000, 0x0000000100000000)
  region size 1024K, 6 young (6144K), 6 survivors (6144K)
 Metaspace       used 117818K, committed 119936K, reserved 1179648K
  class space    used 16270K, committed 17344K, reserved 1048576K
}
Event: 1560.201 GC heap before
{Heap before GC invocations=60 (full 0):
 garbage-first heap   total 220160K, used 200051K [0x0000000080000000, 0x0000000100000000)
  region size 1024K, 76 young (77824K), 6 survivors (6144K)
 Metaspace       used 119381K, committed 121600K, reserved 1179648K
  class space    used 16468K, committed 17600K, reserved 1048576K
}
Event: 1560.212 GC heap after
{Heap after GC invocations=61 (full 0):
 garbage-first heap   total 220160K, used 130915K [0x0000000080000000, 0x0000000100000000)
  region size 1024K, 6 young (6144K), 6 survivors (6144K)
 Metaspace       used 119381K, committed 121600K, reserved 1179648K
  class space    used 16468K, committed 17600K, reserved 1048576K
}
Event: 5208.930 GC heap before
{Heap before GC invocations=62 (full 0):
 garbage-first heap   total 222208K, used 199523K [0x0000000080000000, 0x0000000100000000)
  region size 1024K, 74 young (75776K), 6 survivors (6144K)
 Metaspace       used 119479K, committed 121664K, reserved 1179648K
  class space    used 16471K, committed 17600K, reserved 1048576K
}
Event: 5208.944 GC heap after
{Heap after GC invocations=63 (full 0):
 garbage-first heap   total 222208K, used 131137K [0x0000000080000000, 0x0000000100000000)
  region size 1024K, 6 young (6144K), 6 survivors (6144K)
 Metaspace       used 119479K, committed 121664K, reserved 1179648K
  class space    used 16471K, committed 17600K, reserved 1048576K
}
Event: 5209.761 GC heap before
{Heap before GC invocations=63 (full 0):
 garbage-first heap   total 222208K, used 201793K [0x0000000080000000, 0x0000000100000000)
  region size 1024K, 76 young (77824K), 6 survivors (6144K)
 Metaspace       used 119833K, committed 122048K, reserved 1179648K
  class space    used 16473K, committed 17600K, reserved 1048576K
}
Event: 5209.775 GC heap after
{Heap after GC invocations=64 (full 0):
 garbage-first heap   total 222208K, used 136674K [0x0000000080000000, 0x0000000100000000)
  region size 1024K, 10 young (10240K), 10 survivors (10240K)
 Metaspace       used 119833K, committed 122048K, reserved 1179648K
  class space    used 16473K, committed 17600K, reserved 1048576K
}
Event: 5210.360 GC heap before
{Heap before GC invocations=64 (full 0):
 garbage-first heap   total 222208K, used 198114K [0x0000000080000000, 0x0000000100000000)
  region size 1024K, 71 young (72704K), 10 survivors (10240K)
 Metaspace       used 120006K, committed 122176K, reserved 1179648K
  class space    used 16473K, committed 17600K, reserved 1048576K
}
Event: 5210.371 GC heap after
{Heap after GC invocations=65 (full 0):
 garbage-first heap   total 222208K, used 145204K [0x0000000080000000, 0x0000000100000000)
  region size 1024K, 9 young (9216K), 9 survivors (9216K)
 Metaspace       used 120006K, committed 122176K, reserved 1179648K
  class space    used 16473K, committed 17600K, reserved 1048576K
}
Event: 5211.089 GC heap before
{Heap before GC invocations=66 (full 0):
 garbage-first heap   total 271360K, used 197428K [0x0000000080000000, 0x0000000100000000)
  region size 1024K, 61 young (62464K), 9 survivors (9216K)
 Metaspace       used 119044K, committed 122304K, reserved 1179648K
  class space    used 16065K, committed 17600K, reserved 1048576K
}
Event: 5211.095 GC heap after
{Heap after GC invocations=67 (full 0):
 garbage-first heap   total 271360K, used 150692K [0x0000000080000000, 0x0000000100000000)
  region size 1024K, 6 young (6144K), 6 survivors (6144K)
 Metaspace       used 119044K, committed 122304K, reserved 1179648K
  class space    used 16065K, committed 17600K, reserved 1048576K
}

