# JRE version: OpenJDK Runtime Environment (21.0.3) (build 21.0.3+-12282718-b509.11)
# Java VM: OpenJDK 64-Bit Server VM (21.0.3+-12282718-b509.11, mixed mode, tiered, compressed oops, compressed class ptrs, g1 gc, windows-amd64)
GC Precious Log:
 CardTable entry size: 512
 Card Set container configuration: InlinePtr #cards 5 size 8 Array Of Cards #cards 12 size 40 Howl #buckets 4 coarsen threshold 1843 Howl Bitmap #cards 512 size 80 coarsen threshold 460 Card regions per heap region 1 cards per card region 2048
 CPUs: 12 total, 12 available
 Memory: 15724M
 Large Page Support: Disabled
 NUMA Support: Disabled
 Compressed Oops: Enabled (32-bit)
 Heap Region Size: 1M
 Heap Min Capacity: 8M
 Heap Initial Capacity: 246M
 Heap Max Capacity: 2G
 Pre-touch: Disabled
 Parallel Workers: 10
 Concurrent Workers: 3
 Concurrent Refinement Workers: 10
 Periodic GC: Disabled
Heap:
 garbage-first heap   total 157696K, used 86942K [0x0000000080000000, 0x0000000100000000)
  region size 1024K, 6 young (6144K), 6 survivors (6144K)
 Metaspace       used 94063K, committed 96000K, reserved 1179648K
  class space    used 12949K, committed 13888K, reserved 1048576K
GC Heap History (20 events):
Event: 4.267 GC heap after
{Heap after GC invocations=15 (full 0):
 garbage-first heap   total 107520K, used 48308K [0x0000000080000000, 0x0000000100000000)
  region size 1024K, 6 young (6144K), 6 survivors (6144K)
 Metaspace       used 65217K, committed 66880K, reserved 1114112K
  class space    used 9026K, committed 9856K, reserved 1048576K
}
Event: 4.357 GC heap before
{Heap before GC invocations=15 (full 0):
 garbage-first heap   total 107520K, used 92340K [0x0000000080000000, 0x0000000100000000)
  region size 1024K, 50 young (51200K), 6 survivors (6144K)
 Metaspace       used 65581K, committed 67200K, reserved 1114112K
  class space    used 9053K, committed 9856K, reserved 1048576K
}
Event: 4.360 GC heap after
{Heap after GC invocations=16 (full 0):
 garbage-first heap   total 107520K, used 49853K [0x0000000080000000, 0x0000000100000000)
  region size 1024K, 4 young (4096K), 4 survivors (4096K)
 Metaspace       used 65581K, committed 67200K, reserved 1114112K
  class space    used 9053K, committed 9856K, reserved 1048576K
}
Event: 4.424 GC heap before
{Heap before GC invocations=16 (full 0):
 garbage-first heap   total 107520K, used 93885K [0x0000000080000000, 0x0000000100000000)
  region size 1024K, 48 young (49152K), 4 survivors (4096K)
 Metaspace       used 65814K, committed 67456K, reserved 1114112K
  class space    used 9054K, committed 9856K, reserved 1048576K
}
Event: 4.427 GC heap after
{Heap after GC invocations=17 (full 0):
 garbage-first heap   total 129024K, used 50676K [0x0000000080000000, 0x0000000100000000)
  region size 1024K, 4 young (4096K), 4 survivors (4096K)
 Metaspace       used 65814K, committed 67456K, reserved 1114112K
  class space    used 9054K, committed 9856K, reserved 1048576K
}
Event: 4.561 GC heap before
{Heap before GC invocations=18 (full 0):
 garbage-first heap   total 129024K, used 113140K [0x0000000080000000, 0x0000000100000000)
  region size 1024K, 66 young (67584K), 4 survivors (4096K)
 Metaspace       used 66027K, committed 67648K, reserved 1114112K
  class space    used 9090K, committed 9920K, reserved 1048576K
}
Event: 4.563 GC heap after
{Heap after GC invocations=19 (full 0):
 garbage-first heap   total 129024K, used 52394K [0x0000000080000000, 0x0000000100000000)
  region size 1024K, 6 young (6144K), 6 survivors (6144K)
 Metaspace       used 66027K, committed 67648K, reserved 1114112K
  class space    used 9090K, committed 9920K, reserved 1048576K
}
Event: 4.961 GC heap before
{Heap before GC invocations=19 (full 0):
 garbage-first heap   total 129024K, used 124074K [0x0000000080000000, 0x0000000100000000)
  region size 1024K, 66 young (67584K), 6 survivors (6144K)
 Metaspace       used 70431K, committed 72128K, reserved 1114112K
  class space    used 9667K, committed 10496K, reserved 1048576K
}
Event: 4.965 GC heap after
{Heap after GC invocations=20 (full 0):
 garbage-first heap   total 140288K, used 69314K [0x0000000080000000, 0x0000000100000000)
  region size 1024K, 9 young (9216K), 9 survivors (9216K)
 Metaspace       used 70431K, committed 72128K, reserved 1114112K
  class space    used 9667K, committed 10496K, reserved 1048576K
}
Event: 5.293 GC heap before
{Heap before GC invocations=20 (full 0):
 garbage-first heap   total 140288K, used 117442K [0x0000000080000000, 0x0000000100000000)
  region size 1024K, 57 young (58368K), 9 survivors (9216K)
 Metaspace       used 76502K, committed 78272K, reserved 1179648K
  class space    used 10450K, committed 11328K, reserved 1048576K
}
Event: 5.297 GC heap after
{Heap after GC invocations=21 (full 0):
 garbage-first heap   total 140288K, used 72567K [0x0000000080000000, 0x0000000100000000)
  region size 1024K, 4 young (4096K), 4 survivors (4096K)
 Metaspace       used 76502K, committed 78272K, reserved 1179648K
  class space    used 10450K, committed 11328K, reserved 1048576K
}
Event: 5.584 GC heap before
{Heap before GC invocations=22 (full 0):
 garbage-first heap   total 147456K, used 130935K [0x0000000080000000, 0x0000000100000000)
  region size 1024K, 56 young (57344K), 4 survivors (4096K)
 Metaspace       used 79697K, committed 81472K, reserved 1179648K
  class space    used 10885K, committed 11776K, reserved 1048576K
}
Event: 5.587 GC heap after
{Heap after GC invocations=23 (full 0):
 garbage-first heap   total 147456K, used 77824K [0x0000000080000000, 0x0000000100000000)
  region size 1024K, 7 young (7168K), 7 survivors (7168K)
 Metaspace       used 79697K, committed 81472K, reserved 1179648K
  class space    used 10885K, committed 11776K, reserved 1048576K
}
Event: 5.951 GC heap before
{Heap before GC invocations=23 (full 0):
 garbage-first heap   total 147456K, used 132096K [0x0000000080000000, 0x0000000100000000)
  region size 1024K, 60 young (61440K), 7 survivors (7168K)
 Metaspace       used 85350K, committed 87232K, reserved 1179648K
  class space    used 11615K, committed 12544K, reserved 1048576K
}
Event: 5.955 GC heap after
{Heap after GC invocations=24 (full 0):
 garbage-first heap   total 147456K, used 80044K [0x0000000080000000, 0x0000000100000000)
  region size 1024K, 3 young (3072K), 3 survivors (3072K)
 Metaspace       used 85350K, committed 87232K, reserved 1179648K
  class space    used 11615K, committed 12544K, reserved 1048576K
}
Event: 6.239 GC heap before
{Heap before GC invocations=24 (full 0):
 garbage-first heap   total 147456K, used 133292K [0x0000000080000000, 0x0000000100000000)
  region size 1024K, 55 young (56320K), 3 survivors (3072K)
 Metaspace       used 88363K, committed 90240K, reserved 1179648K
  class space    used 12043K, committed 12992K, reserved 1048576K
}
Event: 6.243 GC heap after
{Heap after GC invocations=25 (full 0):
 garbage-first heap   total 147456K, used 84967K [0x0000000080000000, 0x0000000100000000)
  region size 1024K, 7 young (7168K), 7 survivors (7168K)
 Metaspace       used 88363K, committed 90240K, reserved 1179648K
  class space    used 12043K, committed 12992K, reserved 1048576K
}
Event: 6.440 GC heap before
{Heap before GC invocations=26 (full 0):
 garbage-first heap   total 157696K, used 131047K [0x0000000080000000, 0x0000000100000000)
  region size 1024K, 52 young (53248K), 7 survivors (7168K)
 Metaspace       used 90013K, committed 91840K, reserved 1179648K
  class space    used 12254K, committed 13184K, reserved 1048576K
}
Event: 6.443 GC heap after
{Heap after GC invocations=27 (full 0):
 garbage-first heap   total 157696K, used 86839K [0x0000000080000000, 0x0000000100000000)
  region size 1024K, 4 young (4096K), 4 survivors (4096K)
 Metaspace       used 90013K, committed 91840K, reserved 1179648K
  class space    used 12254K, committed 13184K, reserved 1048576K
}
Event: 6.746 GC heap before
{Heap before GC invocations=27 (full 0):
 garbage-first heap   total 157696K, used 142135K [0x0000000080000000, 0x0000000100000000)
  region size 1024K, 57 young (58368K), 4 survivors (4096K)
 Metaspace       used 94063K, committed 96000K, reserved 1179648K
  class space    used 12949K, committed 13888K, reserved 1048576K
}

