# JRE version: OpenJDK Runtime Environment (21.0.3) (build 21.0.3+-12282718-b509.11)
# Java VM: OpenJDK 64-Bit Server VM (21.0.3+-12282718-b509.11, mixed mode, tiered, compressed oops, compressed class ptrs, g1 gc, windows-amd64)
GC Precious Log:
 CardTable entry size: 512
 Card Set container configuration: InlinePtr #cards 5 size 8 Array Of Cards #cards 12 size 40 Howl #buckets 4 coarsen threshold 1843 Howl Bitmap #cards 512 size 80 coarsen threshold 460 Card regions per heap region 1 cards per card region 2048
 CPUs: 12 total, 12 available
 Memory: 15724M
 Large Page Support: Disabled
 NUMA Support: Disabled
 Compressed Oops: Enabled (32-bit)
 Heap Region Size: 1M
 Heap Min Capacity: 8M
 Heap Initial Capacity: 246M
 Heap Max Capacity: 2G
 Pre-touch: Disabled
 Parallel Workers: 10
 Concurrent Workers: 3
 Concurrent Refinement Workers: 10
 Periodic GC: Disabled
Heap:
 garbage-first heap   total 350208K, used 180750K [0x0000000080000000, 0x0000000100000000)
  region size 1024K, 5 young (5120K), 5 survivors (5120K)
 Metaspace       used 152351K, committed 154752K, reserved 1245184K
  class space    used 20918K, committed 22080K, reserved 1048576K
GC Heap History (20 events):
Event: 1358.100 GC heap after
{Heap after GC invocations=72 (full 0):
 garbage-first heap   total 318464K, used 191998K [0x0000000080000000, 0x0000000100000000)
  region size 1024K, 12 young (12288K), 12 survivors (12288K)
 Metaspace       used 131196K, committed 133504K, reserved 1179648K
  class space    used 17679K, committed 18816K, reserved 1048576K
}
Event: 1358.104 GC heap before
{Heap before GC invocations=72 (full 0):
 garbage-first heap   total 318464K, used 191998K [0x0000000080000000, 0x0000000100000000)
  region size 1024K, 13 young (13312K), 12 survivors (12288K)
 Metaspace       used 131196K, committed 133504K, reserved 1179648K
  class space    used 17679K, committed 18816K, reserved 1048576K
}
Event: 1358.108 GC heap after
{Heap after GC invocations=73 (full 0):
 garbage-first heap   total 318464K, used 194550K [0x0000000080000000, 0x0000000100000000)
  region size 1024K, 2 young (2048K), 2 survivors (2048K)
 Metaspace       used 131196K, committed 133504K, reserved 1179648K
  class space    used 17679K, committed 18816K, reserved 1048576K
}
Event: 1358.803 GC heap before
{Heap before GC invocations=74 (full 0):
 garbage-first heap   total 322560K, used 260086K [0x0000000080000000, 0x0000000100000000)
  region size 1024K, 69 young (70656K), 2 survivors (2048K)
 Metaspace       used 137927K, committed 140160K, reserved 1179648K
  class space    used 18509K, committed 19648K, reserved 1048576K
}
Event: 1358.806 GC heap after
{Heap after GC invocations=75 (full 0):
 garbage-first heap   total 322560K, used 192906K [0x0000000080000000, 0x0000000100000000)
  region size 1024K, 6 young (6144K), 6 survivors (6144K)
 Metaspace       used 137927K, committed 140160K, reserved 1179648K
  class space    used 18509K, committed 19648K, reserved 1048576K
}
Event: 1364.513 GC heap before
{Heap before GC invocations=75 (full 0):
 garbage-first heap   total 322560K, used 266634K [0x0000000080000000, 0x0000000100000000)
  region size 1024K, 79 young (80896K), 6 survivors (6144K)
 Metaspace       used 142534K, committed 144832K, reserved 1179648K
  class space    used 19191K, committed 20352K, reserved 1048576K
}
Event: 1364.519 GC heap after
{Heap after GC invocations=76 (full 0):
 garbage-first heap   total 322560K, used 181946K [0x0000000080000000, 0x0000000100000000)
  region size 1024K, 7 young (7168K), 7 survivors (7168K)
 Metaspace       used 142534K, committed 144832K, reserved 1179648K
  class space    used 19191K, committed 20352K, reserved 1048576K
}
Event: 1365.017 GC heap before
{Heap before GC invocations=76 (full 0):
 garbage-first heap   total 322560K, used 190138K [0x0000000080000000, 0x0000000100000000)
  region size 1024K, 17 young (17408K), 7 survivors (7168K)
 Metaspace       used 142760K, committed 145152K, reserved 1179648K
  class space    used 19220K, committed 20416K, reserved 1048576K
}
Event: 1365.020 GC heap after
{Heap after GC invocations=77 (full 0):
 garbage-first heap   total 322560K, used 182305K [0x0000000080000000, 0x0000000100000000)
  region size 1024K, 7 young (7168K), 7 survivors (7168K)
 Metaspace       used 142760K, committed 145152K, reserved 1179648K
  class space    used 19220K, committed 20416K, reserved 1048576K
}
Event: 1365.273 GC heap before
{Heap before GC invocations=78 (full 0):
 garbage-first heap   total 322560K, used 275489K [0x0000000080000000, 0x0000000100000000)
  region size 1024K, 94 young (96256K), 7 survivors (7168K)
 Metaspace       used 144103K, committed 146432K, reserved 1179648K
  class space    used 19310K, committed 20480K, reserved 1048576K
}
Event: 1365.286 GC heap after
{Heap after GC invocations=79 (full 0):
 garbage-first heap   total 322560K, used 196423K [0x0000000080000000, 0x0000000100000000)
  region size 1024K, 12 young (12288K), 12 survivors (12288K)
 Metaspace       used 144103K, committed 146432K, reserved 1179648K
  class space    used 19310K, committed 20480K, reserved 1048576K
}
Event: 1365.750 GC heap before
{Heap before GC invocations=79 (full 0):
 garbage-first heap   total 322560K, used 277319K [0x0000000080000000, 0x0000000100000000)
  region size 1024K, 92 young (94208K), 12 survivors (12288K)
 Metaspace       used 145686K, committed 148032K, reserved 1179648K
  class space    used 19544K, committed 20736K, reserved 1048576K
}
Event: 1365.765 GC heap after
{Heap after GC invocations=80 (full 0):
 garbage-first heap   total 322560K, used 186822K [0x0000000080000000, 0x0000000100000000)
  region size 1024K, 10 young (10240K), 10 survivors (10240K)
 Metaspace       used 145686K, committed 148032K, reserved 1179648K
  class space    used 19544K, committed 20736K, reserved 1048576K
}
Event: 1366.362 GC heap before
{Heap before GC invocations=80 (full 0):
 garbage-first heap   total 322560K, used 275910K [0x0000000080000000, 0x0000000100000000)
  region size 1024K, 98 young (100352K), 10 survivors (10240K)
 Metaspace       used 156139K, committed 158464K, reserved 1245184K
  class space    used 21276K, committed 22464K, reserved 1048576K
}
Event: 1366.369 GC heap after
{Heap after GC invocations=81 (full 0):
 garbage-first heap   total 322560K, used 193792K [0x0000000080000000, 0x0000000100000000)
  region size 1024K, 6 young (6144K), 6 survivors (6144K)
 Metaspace       used 156139K, committed 158464K, reserved 1245184K
  class space    used 21276K, committed 22464K, reserved 1048576K
}
Event: 1366.664 GC heap before
{Heap before GC invocations=82 (full 0):
 garbage-first heap   total 350208K, used 280832K [0x0000000080000000, 0x0000000100000000)
  region size 1024K, 93 young (95232K), 6 survivors (6144K)
 Metaspace       used 148210K, committed 150528K, reserved 1245184K
  class space    used 20352K, committed 21504K, reserved 1048576K
}
Event: 1366.669 GC heap after
{Heap after GC invocations=83 (full 0):
 garbage-first heap   total 350208K, used 195670K [0x0000000080000000, 0x0000000100000000)
  region size 1024K, 9 young (9216K), 9 survivors (9216K)
 Metaspace       used 148210K, committed 150528K, reserved 1245184K
  class space    used 20352K, committed 21504K, reserved 1048576K
}
Event: 1366.869 GC heap before
{Heap before GC invocations=83 (full 0):
 garbage-first heap   total 350208K, used 310358K [0x0000000080000000, 0x0000000100000000)
  region size 1024K, 121 young (123904K), 9 survivors (9216K)
 Metaspace       used 150268K, committed 152576K, reserved 1245184K
  class space    used 20654K, committed 21824K, reserved 1048576K
}
Event: 1366.880 GC heap after
{Heap after GC invocations=84 (full 0):
 garbage-first heap   total 350208K, used 185665K [0x0000000080000000, 0x0000000100000000)
  region size 1024K, 10 young (10240K), 10 survivors (10240K)
 Metaspace       used 150268K, committed 152576K, reserved 1245184K
  class space    used 20654K, committed 21824K, reserved 1048576K
}
Event: 1368.028 GC heap before
{Heap before GC invocations=84 (full 0):
 garbage-first heap   total 350208K, used 319809K [0x0000000080000000, 0x0000000100000000)
  region size 1024K, 142 young (145408K), 10 survivors (10240K)
 Metaspace       used 152351K, committed 154752K, reserved 1245184K
  class space    used 20918K, committed 22080K, reserved 1048576K
}

