# JRE version: OpenJDK Runtime Environment (21.0.3) (build 21.0.3+-12282718-b509.11)
# Java VM: OpenJDK 64-Bit Server VM (21.0.3+-12282718-b509.11, mixed mode, tiered, compressed oops, compressed class ptrs, g1 gc, windows-amd64)
GC Precious Log:
 CardTable entry size: 512
 Card Set container configuration: InlinePtr #cards 5 size 8 Array Of Cards #cards 12 size 40 Howl #buckets 4 coarsen threshold 1843 Howl Bitmap #cards 512 size 80 coarsen threshold 460 Card regions per heap region 1 cards per card region 2048
 CPUs: 12 total, 12 available
 Memory: 15724M
 Large Page Support: Disabled
 NUMA Support: Disabled
 Compressed Oops: Enabled (32-bit)
 Heap Region Size: 1M
 Heap Min Capacity: 8M
 Heap Initial Capacity: 246M
 Heap Max Capacity: 2G
 Pre-touch: Disabled
 Parallel Workers: 10
 Concurrent Workers: 3
 Concurrent Refinement Workers: 10
 Periodic GC: Disabled
Heap:
 garbage-first heap   total 257024K, used 202567K [0x0000000080000000, 0x0000000100000000)
  region size 1024K, 92 young (94208K), 12 survivors (12288K)
 Metaspace       used 115299K, committed 117504K, reserved 1179648K
  class space    used 15966K, committed 17088K, reserved 1048576K
GC Heap History (20 events):
Event: 8.926 GC heap before
{Heap before GC invocations=37 (full 0):
 garbage-first heap   total 176128K, used 156470K [0x0000000080000000, 0x0000000100000000)
  region size 1024K, 69 young (70656K), 3 survivors (3072K)
 Metaspace       used 101331K, committed 103360K, reserved 1179648K
  class space    used 14018K, committed 15040K, reserved 1048576K
}
Event: 8.930 GC heap after
{Heap after GC invocations=38 (full 0):
 garbage-first heap   total 176128K, used 91568K [0x0000000080000000, 0x0000000100000000)
  region size 1024K, 7 young (7168K), 7 survivors (7168K)
 Metaspace       used 101331K, committed 103360K, reserved 1179648K
  class space    used 14018K, committed 15040K, reserved 1048576K
}
Event: 9.411 GC heap before
{Heap before GC invocations=38 (full 0):
 garbage-first heap   total 176128K, used 158128K [0x0000000080000000, 0x0000000100000000)
  region size 1024K, 72 young (73728K), 7 survivors (7168K)
 Metaspace       used 107087K, committed 109184K, reserved 1179648K
  class space    used 14815K, committed 15872K, reserved 1048576K
}
Event: 9.416 GC heap after
{Heap after GC invocations=39 (full 0):
 garbage-first heap   total 176128K, used 95450K [0x0000000080000000, 0x0000000100000000)
  region size 1024K, 8 young (8192K), 8 survivors (8192K)
 Metaspace       used 107087K, committed 109184K, reserved 1179648K
  class space    used 14815K, committed 15872K, reserved 1048576K
}
Event: 9.890 GC heap before
{Heap before GC invocations=40 (full 0):
 garbage-first heap   total 176128K, used 156890K [0x0000000080000000, 0x0000000100000000)
  region size 1024K, 68 young (69632K), 8 survivors (8192K)
 Metaspace       used 110477K, committed 112640K, reserved 1179648K
  class space    used 15329K, committed 16384K, reserved 1048576K
}
Event: 9.896 GC heap after
{Heap after GC invocations=41 (full 0):
 garbage-first heap   total 176128K, used 101904K [0x0000000080000000, 0x0000000100000000)
  region size 1024K, 9 young (9216K), 9 survivors (9216K)
 Metaspace       used 110477K, committed 112640K, reserved 1179648K
  class space    used 15329K, committed 16384K, reserved 1048576K
}
Event: 10.167 GC heap before
{Heap before GC invocations=41 (full 0):
 garbage-first heap   total 176128K, used 155152K [0x0000000080000000, 0x0000000100000000)
  region size 1024K, 62 young (63488K), 9 survivors (9216K)
 Metaspace       used 110831K, committed 112960K, reserved 1179648K
  class space    used 15343K, committed 16384K, reserved 1048576K
}
Event: 10.176 GC heap after
{Heap after GC invocations=42 (full 0):
 garbage-first heap   total 176128K, used 109789K [0x0000000080000000, 0x0000000100000000)
  region size 1024K, 8 young (8192K), 8 survivors (8192K)
 Metaspace       used 110831K, committed 112960K, reserved 1179648K
  class space    used 15343K, committed 16384K, reserved 1048576K
}
Event: 10.252 GC heap before
{Heap before GC invocations=42 (full 0):
 garbage-first heap   total 176128K, used 156893K [0x0000000080000000, 0x0000000100000000)
  region size 1024K, 54 young (55296K), 8 survivors (8192K)
 Metaspace       used 110843K, committed 112960K, reserved 1179648K
  class space    used 15343K, committed 16384K, reserved 1048576K
}
Event: 10.255 GC heap after
{Heap after GC invocations=43 (full 0):
 garbage-first heap   total 176128K, used 111454K [0x0000000080000000, 0x0000000100000000)
  region size 1024K, 4 young (4096K), 4 survivors (4096K)
 Metaspace       used 110843K, committed 112960K, reserved 1179648K
  class space    used 15343K, committed 16384K, reserved 1048576K
}
Event: 10.417 GC heap before
{Heap before GC invocations=44 (full 0):
 garbage-first heap   total 214016K, used 159582K [0x0000000080000000, 0x0000000100000000)
  region size 1024K, 52 young (53248K), 4 survivors (4096K)
 Metaspace       used 110904K, committed 113024K, reserved 1179648K
  class space    used 15344K, committed 16384K, reserved 1048576K
}
Event: 10.420 GC heap after
{Heap after GC invocations=45 (full 0):
 garbage-first heap   total 214016K, used 112427K [0x0000000080000000, 0x0000000100000000)
  region size 1024K, 5 young (5120K), 5 survivors (5120K)
 Metaspace       used 110904K, committed 113024K, reserved 1179648K
  class space    used 15344K, committed 16384K, reserved 1048576K
}
Event: 10.661 GC heap before
{Heap before GC invocations=45 (full 0):
 garbage-first heap   total 214016K, used 193323K [0x0000000080000000, 0x0000000100000000)
  region size 1024K, 85 young (87040K), 5 survivors (5120K)
 Metaspace       used 111403K, committed 113536K, reserved 1179648K
  class space    used 15446K, committed 16512K, reserved 1048576K
}
Event: 10.665 GC heap after
{Heap after GC invocations=46 (full 0):
 garbage-first heap   total 214016K, used 112833K [0x0000000080000000, 0x0000000100000000)
  region size 1024K, 8 young (8192K), 8 survivors (8192K)
 Metaspace       used 111403K, committed 113536K, reserved 1179648K
  class space    used 15446K, committed 16512K, reserved 1048576K
}
Event: 10.828 GC heap before
{Heap before GC invocations=46 (full 0):
 garbage-first heap   total 214016K, used 193729K [0x0000000080000000, 0x0000000100000000)
  region size 1024K, 87 young (89088K), 8 survivors (8192K)
 Metaspace       used 111443K, committed 113600K, reserved 1179648K
  class space    used 15448K, committed 16512K, reserved 1048576K
}
Event: 10.832 GC heap after
{Heap after GC invocations=47 (full 0):
 garbage-first heap   total 257024K, used 115105K [0x0000000080000000, 0x0000000100000000)
  region size 1024K, 8 young (8192K), 8 survivors (8192K)
 Metaspace       used 111443K, committed 113600K, reserved 1179648K
  class space    used 15448K, committed 16512K, reserved 1048576K
}
Event: 12.609 GC heap before
{Heap before GC invocations=48 (full 0):
 garbage-first heap   total 257024K, used 231841K [0x0000000080000000, 0x0000000100000000)
  region size 1024K, 123 young (125952K), 8 survivors (8192K)
 Metaspace       used 111667K, committed 113792K, reserved 1179648K
  class space    used 15478K, committed 16512K, reserved 1048576K
}
Event: 12.616 GC heap after
{Heap after GC invocations=49 (full 0):
 garbage-first heap   total 257024K, used 118814K [0x0000000080000000, 0x0000000100000000)
  region size 1024K, 11 young (11264K), 11 survivors (11264K)
 Metaspace       used 111667K, committed 113792K, reserved 1179648K
  class space    used 15478K, committed 16512K, reserved 1048576K
}
Event: 13.211 GC heap before
{Heap before GC invocations=49 (full 0):
 garbage-first heap   total 257024K, used 229406K [0x0000000080000000, 0x0000000100000000)
  region size 1024K, 120 young (122880K), 11 survivors (11264K)
 Metaspace       used 115133K, committed 117312K, reserved 1179648K
  class space    used 15935K, committed 17024K, reserved 1048576K
}
Event: 13.219 GC heap after
{Heap after GC invocations=50 (full 0):
 garbage-first heap   total 257024K, used 122695K [0x0000000080000000, 0x0000000100000000)
  region size 1024K, 12 young (12288K), 12 survivors (12288K)
 Metaspace       used 115133K, committed 117312K, reserved 1179648K
  class space    used 15935K, committed 17024K, reserved 1048576K
}

